Started GET "/" for 127.0.0.1 at 2024-09-21 14:53:11 +0900
  [1m[35m (0.4ms)[0m  [1m[35mCREATE TABLE "schema_migrations" ("version" varchar NOT NULL PRIMARY KEY)[0m
  [1m[35m (0.1ms)[0m  [1m[35mCREATE TABLE "ar_internal_metadata" ("key" varchar NOT NULL PRIMARY KEY, "value" varchar, "created_at" datetime(6) NOT NULL, "updated_at" datetime(6) NOT NULL)[0m
  [1m[36mActiveRecord::SchemaMigration Load (0.3ms)[0m  [1m[34mSELECT "schema_migrations"."version" FROM "schema_migrations" ORDER BY "schema_migrations"."version" ASC[0m
Processing by Rails::WelcomeController#index as HTML
  Rendering /Users/muramatsunanako/.rbenv/versions/3.3.0/lib/ruby/gems/3.3.0/gems/railties-7.1.4/lib/rails/templates/rails/welcome/index.html.erb
  Rendered /Users/muramatsunanako/.rbenv/versions/3.3.0/lib/ruby/gems/3.3.0/gems/railties-7.1.4/lib/rails/templates/rails/welcome/index.html.erb (Duration: 0.4ms | Allocations: 376)
Completed 200 OK in 29ms (Views: 6.3ms | ActiveRecord: 0.0ms | Allocations: 7620)


[dotenv] Set [36mAWS_ACCESS_KEY_ID[0m and [36mAWS_SECRET_ACCESS_KEY[0m
[dotenv] Loaded [33m.env[0m
[dotenv] Loaded [33m.env[0m
[dotenv] Set [36mAWS_ACCESS_KEY_ID[0m and [36mAWS_SECRET_ACCESS_KEY[0m
[dotenv] Loaded [33m.env[0m
[dotenv] Loaded [33m.env[0m
[dotenv] Set [36mAWS_ACCESS_KEY_ID[0m and [36mAWS_SECRET_ACCESS_KEY[0m
[dotenv] Loaded [33m.env[0m
[dotenv] Loaded [33m.env[0m
Started GET "/api/embed" for 192.168.65.1 at 2024-09-21 19:23:41 +0000
  [1m[36mActiveRecord::SchemaMigration Load (0.1ms)[0m  [1m[34mSELECT "schema_migrations"."version" FROM "schema_migrations" ORDER BY "schema_migrations"."version" ASC[0m
Processing by EmbeddingsController#create as */*
Completed 500 Internal Server Error in 216ms (ActiveRecord: 0.0ms | Allocations: 3525)


  
NoMethodError (undefined method `invoke_model' for nil):
  
app/controllers/embeddings_controller.rb:7:in `create'
[dotenv] Set [36mAWS_ACCESS_KEY_ID[0m and [36mAWS_SECRET_ACCESS_KEY[0m
[dotenv] Loaded [33m.env[0m
[dotenv] Loaded [33m.env[0m
Started GET "/api/embed" for 192.168.65.1 at 2024-09-21 19:25:49 +0000
  [1m[36mActiveRecord::SchemaMigration Load (0.1ms)[0m  [1m[34mSELECT "schema_migrations"."version" FROM "schema_migrations" ORDER BY "schema_migrations"."version" ASC[0m
Processing by EmbeddingsController#create as */*
Completed 500 Internal Server Error in 24ms (ActiveRecord: 0.0ms | Allocations: 3521)


  
NoMethodError (undefined method `invoke_model' for nil):
  
app/controllers/embeddings_controller.rb:7:in `create'
Started GET "/api/embed" for 192.168.65.1 at 2024-09-21 19:27:31 +0000
Processing by EmbeddingsController#create as */*
Completed 500 Internal Server Error in 0ms (ActiveRecord: 0.0ms | Allocations: 154)


  
NoMethodError (undefined method `invoke_model' for nil):
  
app/controllers/embeddings_controller.rb:7:in `create'
Started GET "/api/embed" for 192.168.65.1 at 2024-09-21 19:30:06 +0000
Processing by EmbeddingsController#create as */*
Completed 500 Internal Server Error in 0ms (ActiveRecord: 0.0ms | Allocations: 153)


  
NoMethodError (undefined method `invoke_model' for nil):
  
app/controllers/embeddings_controller.rb:7:in `create'
Started GET "/api/embed" for 192.168.65.1 at 2024-09-21 19:30:36 +0000
Processing by EmbeddingsController#create as */*
Completed 500 Internal Server Error in 0ms (ActiveRecord: 0.0ms | Allocations: 153)


  
NoMethodError (undefined method `invoke_model' for nil):
  
app/controllers/embeddings_controller.rb:7:in `create'
Started GET "/api/embed" for 192.168.65.1 at 2024-09-21 19:32:13 +0000
Processing by EmbeddingsController#create as */*
Completed 500 Internal Server Error in 0ms (ActiveRecord: 0.0ms | Allocations: 153)


  
NoMethodError (undefined method `invoke_model' for nil):
  
app/controllers/embeddings_controller.rb:7:in `create'
Started GET "/api/embed" for 192.168.65.1 at 2024-09-21 19:33:00 +0000
Processing by EmbeddingsController#create as */*
Completed 500 Internal Server Error in 1ms (ActiveRecord: 0.0ms | Allocations: 156)


  
NameError (uninitialized constant Aws::BedrockRuntime):
  
app/controllers/embeddings_controller.rb:22:in `initialize_client'
app/controllers/embeddings_controller.rb:7:in `create'
Started GET "/api/embed" for 192.168.65.1 at 2024-09-21 19:42:44 +0000
Processing by EmbeddingsController#create as */*
Completed 500 Internal Server Error in 1ms (ActiveRecord: 0.0ms | Allocations: 148)


  
NameError (uninitialized constant Aws::BedrockRuntime):
  
app/controllers/embeddings_controller.rb:20:in `bedrock_client'
app/controllers/embeddings_controller.rb:7:in `create'
Started GET "/api/embed" for 192.168.65.1 at 2024-09-21 19:45:03 +0000
Processing by EmbeddingsController#create as */*
Completed 500 Internal Server Error in 68ms (ActiveRecord: 0.0ms | Allocations: 21770)


  
NoMethodError (undefined method `invoke_model' for an instance of Aws::Bedrock::Client):
  
app/controllers/embeddings_controller.rb:7:in `create'
Started GET "/api/embed" for 192.168.65.1 at 2024-09-21 19:46:02 +0000
Processing by EmbeddingsController#create as */*
Completed 500 Internal Server Error in 5ms (ActiveRecord: 0.0ms | Allocations: 1277)


  
NoMethodError (undefined method `invoke_model' for an instance of Aws::Bedrock::Client):
  
app/controllers/embeddings_controller.rb:7:in `create'
[dotenv] Set [36mAWS_ACCESS_KEY_ID[0m and [36mAWS_SECRET_ACCESS_KEY[0m
[dotenv] Loaded [33m.env[0m
[dotenv] Loaded [33m.env[0m
[dotenv] Set [36mAWS_ACCESS_KEY_ID[0m and [36mAWS_SECRET_ACCESS_KEY[0m
[dotenv] Loaded [33m.env[0m
[dotenv] Loaded [33m.env[0m
[dotenv] Set [36mAWS_ACCESS_KEY_ID[0m and [36mAWS_SECRET_ACCESS_KEY[0m
[dotenv] Loaded [33m.env[0m
[dotenv] Loaded [33m.env[0m
[dotenv] Set [36mAWS_ACCESS_KEY_ID[0m and [36mAWS_SECRET_ACCESS_KEY[0m
[dotenv] Loaded [33m.env[0m
[dotenv] Loaded [33m.env[0m
[dotenv] Set [36mAWS_ACCESS_KEY_ID[0m and [36mAWS_SECRET_ACCESS_KEY[0m
[dotenv] Loaded [33m.env[0m
[dotenv] Loaded [33m.env[0m
[dotenv] Set [36mAWS_ACCESS_KEY_ID[0m and [36mAWS_SECRET_ACCESS_KEY[0m
[dotenv] Loaded [33m.env[0m
[dotenv] Loaded [33m.env[0m
[dotenv] Set [36mAWS_ACCESS_KEY_ID[0m and [36mAWS_SECRET_ACCESS_KEY[0m
[dotenv] Loaded [33m.env[0m
[dotenv] Loaded [33m.env[0m
[dotenv] Set [36mAWS_ACCESS_KEY_ID[0m and [36mAWS_SECRET_ACCESS_KEY[0m
[dotenv] Loaded [33m.env[0m
[dotenv] Loaded [33m.env[0m
[dotenv] Set [36mAWS_ACCESS_KEY_ID[0m and [36mAWS_SECRET_ACCESS_KEY[0m
[dotenv] Loaded [33m.env[0m
[dotenv] Loaded [33m.env[0m
[dotenv] Set [36mAWS_ACCESS_KEY_ID[0m and [36mAWS_SECRET_ACCESS_KEY[0m
[dotenv] Loaded [33m.env[0m
[dotenv] Loaded [33m.env[0m
[dotenv] Set [36mAWS_ACCESS_KEY_ID[0m and [36mAWS_SECRET_ACCESS_KEY[0m
[dotenv] Loaded [33m.env[0m
[dotenv] Loaded [33m.env[0m
[dotenv] Set [36mAWS_ACCESS_KEY_ID[0m and [36mAWS_SECRET_ACCESS_KEY[0m
[dotenv] Loaded [33m.env[0m
[dotenv] Loaded [33m.env[0m
[dotenv] Set [36mAWS_ACCESS_KEY_ID[0m and [36mAWS_SECRET_ACCESS_KEY[0m
[dotenv] Loaded [33m.env[0m
[dotenv] Loaded [33m.env[0m
[dotenv] Set [36mAWS_ACCESS_KEY_ID[0m and [36mAWS_SECRET_ACCESS_KEY[0m
[dotenv] Loaded [33m.env[0m
[dotenv] Loaded [33m.env[0m
Started GET "/api/embed" for 192.168.65.1 at 2024-09-21 20:52:40 +0000
  [1m[36mActiveRecord::SchemaMigration Load (0.1ms)[0m  [1m[34mSELECT "schema_migrations"."version" FROM "schema_migrations" ORDER BY "schema_migrations"."version" ASC[0m
Processing by EmbeddingsController#create as */*
Completed 500 Internal Server Error in 56ms (ActiveRecord: 0.0ms | Allocations: 25323)


  
NoMethodError (undefined method `invoke_model' for nil):
  
app/controllers/embeddings_controller.rb:7:in `create'
[dotenv] Set [36mAWS_ACCESS_KEY_ID[0m and [36mAWS_SECRET_ACCESS_KEY[0m
[dotenv] Loaded [33m.env[0m
[dotenv] Loaded [33m.env[0m
[dotenv] Set [36mAWS_ACCESS_KEY_ID[0m and [36mAWS_SECRET_ACCESS_KEY[0m
[dotenv] Loaded [33m.env[0m
[dotenv] Loaded [33m.env[0m
[dotenv] Set [36mAWS_ACCESS_KEY_ID[0m and [36mAWS_SECRET_ACCESS_KEY[0m
[dotenv] Loaded [33m.env[0m
[dotenv] Loaded [33m.env[0m
[dotenv] Set [36mAWS_ACCESS_KEY_ID[0m and [36mAWS_SECRET_ACCESS_KEY[0m
[dotenv] Loaded [33m.env[0m
[dotenv] Loaded [33m.env[0m
Started GET "/api/embed" for 192.168.65.1 at 2024-09-21 21:01:22 +0000
  [1m[36mActiveRecord::SchemaMigration Load (0.1ms)[0m  [1m[34mSELECT "schema_migrations"."version" FROM "schema_migrations" ORDER BY "schema_migrations"."version" ASC[0m
Processing by EmbeddingsController#create as */*
Completed 500 Internal Server Error in 266ms (ActiveRecord: 0.0ms | Allocations: 156531)


  
Aws::BedrockRuntime::Errors::AccessDeniedException (You don't have access to the model with the specified model ID.):
  
app/controllers/embeddings_controller.rb:7:in `create'
Started OPTIONS "/api/embed" for 192.168.65.1 at 2024-09-21 21:06:54 +0000
  
ActionController::RoutingError (No route matches [OPTIONS] "/api/embed"):
  
Started GET "/api/embed" for 192.168.65.1 at 2024-09-21 21:12:28 +0000
Processing by EmbeddingsController#create as HTML
Completed 500 Internal Server Error in 290ms (ActiveRecord: 0.0ms | Allocations: 2842)


  
Aws::BedrockRuntime::Errors::AccessDeniedException (You don't have access to the model with the specified model ID.):
  
app/controllers/embeddings_controller.rb:7:in `create'
Started GET "/favicon.ico" for 192.168.65.1 at 2024-09-21 21:12:29 +0000
  
ActionController::RoutingError (No route matches [GET] "/favicon.ico"):
  
[dotenv] Set [36mAWS_ACCESS_KEY_ID[0m and [36mAWS_SECRET_ACCESS_KEY[0m
[dotenv] Loaded [33m.env[0m
[dotenv] Loaded [33m.env[0m
[dotenv] Set [36mAWS_ACCESS_KEY_ID[0m and [36mAWS_SECRET_ACCESS_KEY[0m
[dotenv] Loaded [33m.env[0m
[dotenv] Loaded [33m.env[0m
Started POST "/api/embed" for 192.168.65.1 at 2024-09-21 21:20:44 +0000
  [1m[36mActiveRecord::SchemaMigration Load (0.1ms)[0m  [1m[34mSELECT "schema_migrations"."version" FROM "schema_migrations" ORDER BY "schema_migrations"."version" ASC[0m
  
ActionController::RoutingError (No route matches [POST] "/api/embed"):
  
Started POST "/api/embed" for 192.168.65.1 at 2024-09-21 21:21:11 +0000
  
ActionController::RoutingError (No route matches [POST] "/api/embed"):
  
Started POST "/api/embed" for 192.168.65.1 at 2024-09-21 21:23:29 +0000
  
ActionController::RoutingError (No route matches [POST] "/api/embed"):
  
Started GET "/api/embed" for 192.168.65.1 at 2024-09-21 21:26:04 +0000
Processing by EmbeddingsController#create as */*
Completed 500 Internal Server Error in 904ms (ActiveRecord: 0.0ms | Allocations: 157635)


  
Aws::BedrockRuntime::Errors::ValidationException (Malformed input request, please reformat your input and try again.):
  
app/controllers/embeddings_controller.rb:7:in `create'
Started POST "/api/embed" for 192.168.65.1 at 2024-09-21 21:28:04 +0000
  
ActionController::RoutingError (No route matches [POST] "/api/embed"):
  
Started POST "/api/embed" for 192.168.65.1 at 2024-09-21 21:28:59 +0000
Processing by EmbeddingsController#create as */*
  Parameters: {"texts"=>"banana", "input_type"=>"search_document"}
Completed 500 Internal Server Error in 722ms (ActiveRecord: 0.0ms | Allocations: 2891)


  
Aws::BedrockRuntime::Errors::ValidationException (Malformed input request, please reformat your input and try again.):
  
app/controllers/embeddings_controller.rb:7:in `create'
Started POST "/api/embed" for 192.168.65.1 at 2024-09-21 21:29:15 +0000
Processing by EmbeddingsController#create as */*
  Parameters: {"texts"=>"banana", "input_type"=>"search_document"}
Completed 500 Internal Server Error in 586ms (ActiveRecord: 0.0ms | Allocations: 2816)


  
Aws::BedrockRuntime::Errors::ValidationException (Malformed input request, please reformat your input and try again.):
  
app/controllers/embeddings_controller.rb:7:in `create'
Started POST "/api/embed" for 192.168.65.1 at 2024-09-21 21:31:40 +0000
Processing by EmbeddingsController#create as */*
  Parameters: {"text"=>"banana"}
Completed 500 Internal Server Error in 665ms (ActiveRecord: 0.0ms | Allocations: 2873)


  
Aws::BedrockRuntime::Errors::ValidationException (Malformed input request: #/texts: expected type: JSONArray, found: String, please reformat your input and try again.):
  
app/controllers/embeddings_controller.rb:12:in `create'
Started POST "/api/embed" for 192.168.65.1 at 2024-09-21 21:32:12 +0000
Processing by EmbeddingsController#create as */*
  Parameters: {"text"=>"banana"}
Completed 204 No Content in 722ms (ActiveRecord: 0.0ms | Allocations: 2765)


Started POST "/api/embed" for 192.168.65.1 at 2024-09-21 21:35:57 +0000
Processing by EmbeddingsController#create as */*
  Parameters: {"text"=>"banana"}
Completed 204 No Content in 840ms (ActiveRecord: 0.0ms | Allocations: 2698)


Started POST "/api/embed" for 192.168.65.1 at 2024-09-21 21:36:22 +0000
Processing by EmbeddingsController#create as */*
  Parameters: {"text"=>"banana"}
Completed 204 No Content in 703ms (ActiveRecord: 0.0ms | Allocations: 2618)


Started POST "/api/embed" for 192.168.65.1 at 2024-09-21 21:36:47 +0000
Processing by EmbeddingsController#create as */*
  Parameters: {"text"=>"banana"}
Completed 204 No Content in 740ms (ActiveRecord: 0.0ms | Allocations: 2659)


Started POST "/api/embed" for 192.168.65.1 at 2024-09-21 21:37:08 +0000
Processing by EmbeddingsController#create as */*
  Parameters: {"text"=>"banana"}
Completed 204 No Content in 735ms (ActiveRecord: 0.0ms | Allocations: 2660)


Started POST "/api/embed" for 192.168.65.1 at 2024-09-21 21:38:50 +0000
Processing by EmbeddingsController#create as */*
  Parameters: {"text"=>"banana"}
Completed 500 Internal Server Error in 756ms (ActiveRecord: 0.0ms | Allocations: 2742)


  
NameError (undefined local variable or method `embeddings' for an instance of EmbeddingsController):
  
app/controllers/embeddings_controller.rb:19:in `create'
Started POST "/api/embed" for 192.168.65.1 at 2024-09-21 21:39:10 +0000
Processing by EmbeddingsController#create as */*
  Parameters: {"text"=>"banana"}
Completed 500 Internal Server Error in 734ms (ActiveRecord: 0.0ms | Allocations: 2741)


  
NoMethodError (undefined method `embeddings' for an instance of String):
  
app/controllers/embeddings_controller.rb:19:in `create'
Started POST "/api/embed" for 192.168.65.1 at 2024-09-21 21:39:34 +0000
Processing by EmbeddingsController#create as */*
  Parameters: {"text"=>"banana"}
Completed 204 No Content in 721ms (ActiveRecord: 0.0ms | Allocations: 2663)


Started POST "/api/embed" for 192.168.65.1 at 2024-09-21 21:39:56 +0000
Processing by EmbeddingsController#create as */*
  Parameters: {"text"=>"banana"}
Completed 204 No Content in 723ms (ActiveRecord: 0.0ms | Allocations: 2677)


Started POST "/api/embed" for 192.168.65.1 at 2024-09-21 21:40:12 +0000
Processing by EmbeddingsController#create as */*
  Parameters: {"text"=>"banana"}
Completed 204 No Content in 875ms (ActiveRecord: 0.0ms | Allocations: 2610)


Started POST "/api/embed" for 192.168.65.1 at 2024-09-21 21:40:58 +0000
Processing by EmbeddingsController#create as */*
  Parameters: {"text"=>"banana"}
Completed 500 Internal Server Error in 729ms (ActiveRecord: 0.0ms | Allocations: 2738)


  
TypeError (no implicit conversion of Symbol into Integer):
  
app/controllers/embeddings_controller.rb:19:in `[]'
app/controllers/embeddings_controller.rb:19:in `create'
Started POST "/api/embed" for 192.168.65.1 at 2024-09-21 21:41:15 +0000
Processing by EmbeddingsController#create as */*
  Parameters: {"text"=>"banana"}
Completed 204 No Content in 747ms (ActiveRecord: 0.0ms | Allocations: 2664)


Started POST "/api/embed" for 192.168.65.1 at 2024-09-21 21:43:41 +0000
Processing by EmbeddingsController#create as */*
  Parameters: {"text"=>"banana"}
Completed 500 Internal Server Error in 866ms (ActiveRecord: 0.0ms | Allocations: 2731)


  
TypeError (no implicit conversion of String into Integer):
  
app/controllers/embeddings_controller.rb:19:in `[]'
app/controllers/embeddings_controller.rb:19:in `create'
Started POST "/api/embed" for 192.168.65.1 at 2024-09-21 21:44:22 +0000
Processing by EmbeddingsController#create as */*
  Parameters: {"text"=>"banana"}
Completed 204 No Content in 730ms (ActiveRecord: 0.0ms | Allocations: 2665)


Started POST "/api/embed" for 192.168.65.1 at 2024-09-21 21:46:44 +0000
Processing by EmbeddingsController#create as */*
  Parameters: {"text"=>"banana"}
Completed 204 No Content in 839ms (ActiveRecord: 0.0ms | Allocations: 4729)


Started POST "/api/embed" for 192.168.65.1 at 2024-09-21 21:47:05 +0000
Processing by EmbeddingsController#create as */*
  Parameters: {"text"=>"banana"}
Completed 204 No Content in 728ms (ActiveRecord: 0.0ms | Allocations: 11995)


Started POST "/api/embed" for 192.168.65.1 at 2024-09-21 22:00:27 +0000
  
SyntaxError (/app/app/controllers/embeddings_controller.rb:78: syntax error, unexpected `end'):
  
app/controllers/embeddings_controller.rb:78: syntax error, unexpected `end'
Started POST "/api/embed" for 192.168.65.1 at 2024-09-21 22:00:43 +0000
Processing by EmbeddingsController#create as */*
  Parameters: {"text"=>"banana"}
Completed 500 Internal Server Error in 851ms (ActiveRecord: 0.0ms | Allocations: 2754)


  
NameError (undefined local variable or method `query' for an instance of EmbeddingsController):
  
app/controllers/embeddings_controller.rb:52:in `search_videos'
app/controllers/embeddings_controller.rb:6:in `create'
Started POST "/api/embed" for 192.168.65.1 at 2024-09-21 22:03:26 +0000
Processing by EmbeddingsController#create as */*
  Parameters: {"text"=>"banana"}
Completed 500 Internal Server Error in 1013ms (ActiveRecord: 0.0ms | Allocations: 2788)


  
NoMethodError (undefined method `request_uri' for an instance of URI::Generic):
  
app/controllers/embeddings_controller.rb:69:in `search_index'
app/controllers/embeddings_controller.rb:54:in `search_videos'
app/controllers/embeddings_controller.rb:6:in `create'
Started POST "/api/embed" for 192.168.65.1 at 2024-09-21 22:08:24 +0000
Processing by EmbeddingsController#create as */*
  Parameters: {"text"=>"banana"}
Completed 500 Internal Server Error in 728ms (ActiveRecord: 0.0ms | Allocations: 3917)


  
Errno::ECONNREFUSED (Failed to open TCP connection to :80 (Connection refused - connect(2) for "" port 80)):
  
app/controllers/embeddings_controller.rb:72:in `search_index'
app/controllers/embeddings_controller.rb:54:in `search_videos'
app/controllers/embeddings_controller.rb:6:in `create'
Started POST "/api/embed" for 192.168.65.1 at 2024-09-21 22:08:42 +0000
Processing by EmbeddingsController#create as */*
  Parameters: {"text"=>"banana"}
Completed 500 Internal Server Error in 735ms (ActiveRecord: 0.0ms | Allocations: 3889)


  
Errno::ECONNREFUSED (Failed to open TCP connection to :443 (Connection refused - connect(2) for "" port 443)):
  
app/controllers/embeddings_controller.rb:72:in `search_index'
app/controllers/embeddings_controller.rb:54:in `search_videos'
app/controllers/embeddings_controller.rb:6:in `create'
Started POST "/api/embed" for 192.168.65.1 at 2024-09-21 22:22:48 +0000
Processing by EmbeddingsController#create as */*
  Parameters: {"text"=>"banana"}
Completed 500 Internal Server Error in 869ms (ActiveRecord: 0.0ms | Allocations: 2751)


  
NameError (uninitialized constant EmbeddingsController::OpenSearchClient):
  
app/controllers/embeddings_controller.rb:6:in `create'
Started POST "/api/embed" for 192.168.65.1 at 2024-09-21 22:23:08 +0000
Processing by EmbeddingsController#create as */*
  Parameters: {"text"=>"banana"}
Completed 500 Internal Server Error in 702ms (ActiveRecord: 0.0ms | Allocations: 2750)


  
NameError (uninitialized constant OpenSearchClient):
  
app/controllers/embeddings_controller.rb:6:in `create'
Started POST "/api/embed" for 192.168.65.1 at 2024-09-21 22:33:12 +0000
Processing by EmbeddingsController#create as */*
  Parameters: {"text"=>"banana"}
Completed 500 Internal Server Error in 0ms (ActiveRecord: 0.0ms | Allocations: 137)


  
NameError (uninitialized constant EmbeddingsController::BedrockClient):
  
app/controllers/embeddings_controller.rb:3:in `create'
Started POST "/api/embed" for 192.168.65.1 at 2024-09-21 22:34:19 +0000
Processing by EmbeddingsController#create as */*
  Parameters: {"text"=>"banana"}
Completed 500 Internal Server Error in 0ms (ActiveRecord: 0.0ms | Allocations: 90)


  
NameError (uninitialized constant EmbeddingsController::BedrockClient):
  
app/controllers/embeddings_controller.rb:3:in `create'
Started POST "/api/embed" for 192.168.65.1 at 2024-09-21 22:37:58 +0000
Processing by EmbeddingsController#create as */*
  Parameters: {"text"=>"banana"}
Completed 500 Internal Server Error in 4ms (ActiveRecord: 0.0ms | Allocations: 90)


  
NameError (uninitialized constant EmbeddingsController::BedrockClient):
  
app/controllers/embeddings_controller.rb:3:in `create'
Started GET "/api/embed" for 192.168.65.1 at 2024-09-21 22:39:36 +0000
  
ActionController::RoutingError (No route matches [GET] "/api/embed"):
  
Started GET "/api/embed" for 192.168.65.1 at 2024-09-21 22:41:14 +0000
  
ActionController::RoutingError (No route matches [GET] "/api/embed"):
  
Started GET "/api/embed" for 192.168.65.1 at 2024-09-21 22:47:41 +0000
  
ActionController::RoutingError (No route matches [GET] "/api/embed"):
  
Started POST "/api/embed" for 192.168.65.1 at 2024-09-21 22:49:12 +0000
  
ActionController::RoutingError (No route matches [POST] "/api/embed"):
  
Started POST "/api/embed" for 192.168.65.1 at 2024-09-21 22:49:33 +0000
Processing by EmbeddingsController#create as */*
  Parameters: {"text"=>"banana"}
Completed 500 Internal Server Error in 0ms (ActiveRecord: 0.0ms | Allocations: 136)


  
NameError (uninitialized constant EmbeddingsController::BedrockClient):
  
app/controllers/embeddings_controller.rb:3:in `create'
Started POST "/api/embed" for 192.168.65.1 at 2024-09-21 22:50:51 +0000
Processing by EmbeddingsController#create as */*
  Parameters: {"text"=>"banana"}
Completed 500 Internal Server Error in 0ms (ActiveRecord: 0.0ms | Allocations: 136)


  
NameError (uninitialized constant EmbeddingsController::BedrockClient):
  
app/controllers/embeddings_controller.rb:3:in `create'
Started POST "/api/embed" for 192.168.65.1 at 2024-09-21 22:59:04 +0000
Processing by EmbeddingsController#create as */*
  Parameters: {"text"=>"banana"}
Completed 500 Internal Server Error in 0ms (ActiveRecord: 0.0ms | Allocations: 136)


  
NameError (uninitialized constant EmbeddingsController::BedrockClient):
  
app/controllers/embeddings_controller.rb:3:in `create'
[dotenv] Set [36mAWS_ACCESS_KEY_ID[0m and [36mAWS_SECRET_ACCESS_KEY[0m
[dotenv] Loaded [33m.env[0m
[dotenv] Loaded [33m.env[0m
Started POST "/api/embed" for 192.168.65.1 at 2024-09-21 23:03:21 +0000
  [1m[36mActiveRecord::SchemaMigration Load (0.1ms)[0m  [1m[34mSELECT "schema_migrations"."version" FROM "schema_migrations" ORDER BY "schema_migrations"."version" ASC[0m
Processing by EmbeddingsController#create as */*
  Parameters: {"text"=>"banana"}
Completed 500 Internal Server Error in 1233ms (ActiveRecord: 0.0ms | Allocations: 157747)


  
NameError (uninitialized constant EmbeddingsController::OpenSearchClient):
  
app/controllers/embeddings_controller.rb:7:in `create'
[dotenv] Set [36mAWS_ACCESS_KEY_ID[0m and [36mAWS_SECRET_ACCESS_KEY[0m
[dotenv] Loaded [33m.env[0m
[dotenv] Loaded [33m.env[0m
Started POST "/api/embed" for 192.168.65.1 at 2024-09-21 23:07:46 +0000
  [1m[36mActiveRecord::SchemaMigration Load (0.1ms)[0m  [1m[34mSELECT "schema_migrations"."version" FROM "schema_migrations" ORDER BY "schema_migrations"."version" ASC[0m
Processing by EmbeddingsController#create as */*
  Parameters: {"text"=>"banana"}
Completed 500 Internal Server Error in 811ms (ActiveRecord: 0.0ms | Allocations: 156500)


  
NameError (uninitialized constant EmbeddingsController::OpenSearchClient):
  
app/controllers/embeddings_controller.rb:7:in `create'
Started POST "/api/embed" for 192.168.65.1 at 2024-09-21 23:11:17 +0000
Processing by EmbeddingsController#create as */*
  Parameters: {"text"=>"banana"}
Completed 500 Internal Server Error in 875ms (ActiveRecord: 0.0ms | Allocations: 2868)


  
NameError (uninitialized constant EmbeddingsController::OpenSearchClient):
  
app/controllers/embeddings_controller.rb:7:in `create'
